<?xml version="1.0" encoding="UTF-8"?>
<!-- Generated by org.testng.reporters.JUnitXMLReporter -->
<testsuite ignored="2" hostname="DESKTOP-IJVEGUQ" failures="1" tests="5" name="Test" time="8.593" errors="0" timestamp="2026-03-15T17:31:08 IST">
  <testcase classname="com.pom.testcase.LoginTest" name="verify_Login" time="1.037"/>
  <testcase classname="com.pom.testcase.DashboardTest" name="verify_ClickUserBTN" time="0.326"/>
  <testcase classname="com.pom.testcase.UserTest" name="verify_gender" time="0.377">
    <failure type="java.lang.AssertionError" message="expected [true] but found [false]">
      <![CDATA[java.lang.AssertionError: expected [true] but found [false]
at com.pom.testcase.UserTest.verify_gender(UserTest.java:17)
at java.base/java.util.ArrayList.forEach(ArrayList.java:1511)
... Removed 31 stack frames]]>
    </failure>
  </testcase> <!-- verify_gender -->
  <testcase classname="com.pom.testcase.UserTest" name="verify_printTable" time="5.852"/>
  <testcase classname="com.pom.testcase.UserTest" name="verify_verifyUnameAndGenderwithExcel" time="0.877"/>
  <testcase classname="com.pom.testcase.LoginTest" name="verify_printTable" time="0.0">
    <ignored/>
  </testcase> <!-- verify_printTable -->
  <testcase classname="com.pom.testcase.LoginTest" name="verify_ClickUserBTN" time="0.0">
    <ignored/>
  </testcase> <!-- verify_ClickUserBTN -->
</testsuite> <!-- Test -->
