<?xml version="1.0" encoding="UTF-8"?>
<!-- Generated by org.testng.reporters.JUnitXMLReporter -->
<testsuite ignored="2" hostname="DESKTOP-IJVEGUQ" failures="0" tests="10" name="Regression" time="21.235" errors="0" timestamp="2026-03-22T16:35:50 IST">
  <testcase classname="com.pom.testcase.LoginTest" name="verify_Login" time="1.211"/>
  <testcase classname="com.pom.testcase.DashboardTest" name="verify_CourseList" time="2.583"/>
  <testcase classname="com.pom.testcase.DashboardTest" name="verify_ClickUserBTN" time="0.492"/>
  <testcase classname="com.pom.testcase.DashboardTest" name="verify_MainNavigation" time="0.24"/>
  <testcase classname="com.pom.testcase.UserTest" name="verify_printTable" time="3.423"/>
  <testcase classname="com.pom.testcase.UserTest" name="verify_gender" time="0.462"/>
  <testcase classname="com.pom.testcase.UserTest" name="verify_verifyUnameAndGenderwithExcel" time="0.651"/>
  <testcase classname="com.pom.testcase.UserTest" name="verify_emailCode" time="0.085"/>
  <testcase classname="com.pom.testcase.UserTest" name="verify_clickAddUser" time="0.805"/>
  <testcase classname="com.pom.testcase.AddUserTest" name="verify_AddUser" time="11.079"/>
  <testcase classname="com.pom.testcase.LoginTest" name="verify_ClickUserBTN" time="0.0">
    <ignored/>
  </testcase> <!-- verify_ClickUserBTN -->
  <testcase classname="com.pom.testcase.LoginTest" name="verify_printTable" time="0.0">
    <ignored/>
  </testcase> <!-- verify_printTable -->
</testsuite> <!-- Regression -->
