<?xml version="1.0" encoding="UTF-8"?>
<!-- Generated by org.testng.reporters.JUnitXMLReporter -->
<testsuite ignored="2" hostname="DESKTOP-IJVEGUQ" failures="2" tests="9" name="Regression" time="23.045" errors="0" timestamp="2026-03-22T15:19:43 IST">
  <testcase classname="com.pom.testcase.LoginTest" name="verify_Login" time="3.602"/>
  <testcase classname="com.pom.testcase.DashboardTest" name="verify_CourseList" time="2.609"/>
  <testcase classname="com.pom.testcase.DashboardTest" name="verify_ClickUserBTN" time="0.493"/>
  <testcase classname="com.pom.testcase.UserTest" name="verify_printTable" time="3.687"/>
  <testcase classname="com.pom.testcase.UserTest" name="verify_gender" time="0.715">
    <failure type="java.lang.AssertionError" message="expected [true] but found [false]">
      <![CDATA[java.lang.AssertionError: expected [true] but found [false]
at com.pom.testcase.UserTest.verify_gender(UserTest.java:20)
at java.base/java.util.ArrayList.forEach(ArrayList.java:1511)
... Removed 31 stack frames]]>
    </failure>
  </testcase> <!-- verify_gender -->
  <testcase classname="com.pom.testcase.UserTest" name="verify_verifyUnameAndGenderwithExcel" time="0.752"/>
  <testcase classname="com.pom.testcase.UserTest" name="verify_emailCode" time="0.051">
    <failure type="java.lang.AssertionError" message="expected [true] but found [false]">
      <![CDATA[java.lang.AssertionError: expected [true] but found [false]
at com.pom.testcase.UserTest.verify_emailCode(UserTest.java:30)
at java.base/java.util.ArrayList.forEach(ArrayList.java:1511)
... Removed 31 stack frames]]>
    </failure>
  </testcase> <!-- verify_emailCode -->
  <testcase classname="com.pom.testcase.UserTest" name="verify_clickAddUser" time="0.74"/>
  <testcase classname="com.pom.testcase.AddUserTest" name="verify_AddUser" time="10.147"/>
  <testcase classname="com.pom.testcase.LoginTest" name="verify_printTable" time="0.0">
    <ignored/>
  </testcase> <!-- verify_printTable -->
  <testcase classname="com.pom.testcase.LoginTest" name="verify_ClickUserBTN" time="0.0">
    <ignored/>
  </testcase> <!-- verify_ClickUserBTN -->
</testsuite> <!-- Regression -->
