<?xml version="1.0" encoding="UTF-8"?>
<testng-results ignored="2" total="12" passed="10" failed="0" skipped="0">
  <reporter-output>
  </reporter-output>
  <suite started-at="2026-03-22T16:35:28 IST" name="TKA Application" finished-at="2026-03-22T16:35:50 IST" duration-ms="21235">
    <groups>
    </groups>
    <test started-at="2026-03-22T16:35:28 IST" name="Regression" finished-at="2026-03-22T16:35:50 IST" duration-ms="21235">
      <class name="com.pom.testcase.AddUserTest">
        <test-method signature="verify_AddUser()[pri:0, instance:com.pom.testcase.AddUserTest@72cc7e6f]" started-at="2026-03-22T16:35:39 IST" name="verify_AddUser" finished-at="2026-03-22T16:35:50 IST" duration-ms="11079" status="PASS">
          <reporter-output>
          </reporter-output>
        </test-method> <!-- verify_AddUser -->
      </class> <!-- com.pom.testcase.AddUserTest -->
      <class name="com.pom.testcase.LoginTest">
        <test-method is-config="true" signature="setUp()[pri:0, instance:com.pom.testcase.LoginTest@28261e8e]" started-at="2026-03-22T16:35:22 IST" name="setUp" finished-at="2026-03-22T16:35:28 IST" duration-ms="6138" status="PASS">
          <reporter-output>
          </reporter-output>
        </test-method> <!-- setUp -->
        <test-method signature="verify_Login()[pri:1, instance:com.pom.testcase.LoginTest@28261e8e]" started-at="2026-03-22T16:35:29 IST" name="verify_Login" finished-at="2026-03-22T16:35:30 IST" duration-ms="1211" status="PASS">
          <reporter-output>
          </reporter-output>
        </test-method> <!-- verify_Login -->
        <test-method is-config="true" signature="tearDown()[pri:0, instance:com.pom.testcase.LoginTest@28261e8e]" started-at="2026-03-22T16:35:50 IST" name="tearDown" finished-at="2026-03-22T16:35:50 IST" duration-ms="358" status="PASS">
          <reporter-output>
          </reporter-output>
        </test-method> <!-- tearDown -->
      </class> <!-- com.pom.testcase.LoginTest -->
      <class name="com.pom.testcase.UserTest">
        <test-method signature="verify_printTable()[pri:1, instance:com.pom.testcase.UserTest@5f049ea1]" started-at="2026-03-22T16:35:33 IST" name="verify_printTable" finished-at="2026-03-22T16:35:37 IST" duration-ms="3423" status="PASS">
          <reporter-output>
          </reporter-output>
        </test-method> <!-- verify_printTable -->
        <test-method signature="verify_gender()[pri:2, instance:com.pom.testcase.UserTest@5f049ea1]" started-at="2026-03-22T16:35:37 IST" name="verify_gender" finished-at="2026-03-22T16:35:37 IST" duration-ms="462" status="PASS">
          <reporter-output>
          </reporter-output>
        </test-method> <!-- verify_gender -->
        <test-method signature="verify_verifyUnameAndGenderwithExcel()[pri:3, instance:com.pom.testcase.UserTest@5f049ea1]" started-at="2026-03-22T16:35:37 IST" name="verify_verifyUnameAndGenderwithExcel" finished-at="2026-03-22T16:35:38 IST" duration-ms="651" status="PASS">
          <reporter-output>
          </reporter-output>
        </test-method> <!-- verify_verifyUnameAndGenderwithExcel -->
        <test-method signature="verify_emailCode()[pri:4, instance:com.pom.testcase.UserTest@5f049ea1]" started-at="2026-03-22T16:35:38 IST" name="verify_emailCode" finished-at="2026-03-22T16:35:38 IST" duration-ms="85" status="PASS">
          <reporter-output>
          </reporter-output>
        </test-method> <!-- verify_emailCode -->
        <test-method signature="verify_clickAddUser()[pri:5, instance:com.pom.testcase.UserTest@5f049ea1]" started-at="2026-03-22T16:35:38 IST" name="verify_clickAddUser" finished-at="2026-03-22T16:35:39 IST" duration-ms="805" status="PASS">
          <reporter-output>
          </reporter-output>
        </test-method> <!-- verify_clickAddUser -->
      </class> <!-- com.pom.testcase.UserTest -->
      <class name="com.pom.testcase.DashboardTest">
        <test-method signature="verify_CourseList()[pri:1, instance:com.pom.testcase.DashboardTest@3f191845]" started-at="2026-03-22T16:35:30 IST" name="verify_CourseList" finished-at="2026-03-22T16:35:32 IST" duration-ms="2583" status="PASS">
          <reporter-output>
          </reporter-output>
        </test-method> <!-- verify_CourseList -->
        <test-method signature="verify_ClickUserBTN()[pri:2, instance:com.pom.testcase.DashboardTest@3f191845]" started-at="2026-03-22T16:35:32 IST" name="verify_ClickUserBTN" finished-at="2026-03-22T16:35:33 IST" duration-ms="492" status="PASS">
          <reporter-output>
          </reporter-output>
        </test-method> <!-- verify_ClickUserBTN -->
        <test-method signature="verify_MainNavigation()[pri:3, instance:com.pom.testcase.DashboardTest@3f191845]" started-at="2026-03-22T16:35:33 IST" name="verify_MainNavigation" finished-at="2026-03-22T16:35:33 IST" duration-ms="240" status="PASS">
          <reporter-output>
          </reporter-output>
        </test-method> <!-- verify_MainNavigation -->
      </class> <!-- com.pom.testcase.DashboardTest -->
    </test> <!-- Regression -->
  </suite> <!-- TKA Application -->
</testng-results>
