<?xml version="1.0" encoding="UTF-8"?>
<testng-results ignored="2" total="12" passed="8" failed="2" skipped="0">
  <reporter-output>
  </reporter-output>
  <suite started-at="2026-03-22T15:49:24 IST" name="TKA Application" finished-at="2026-03-22T15:49:46 IST" duration-ms="22042">
    <groups>
    </groups>
    <test started-at="2026-03-22T15:49:24 IST" name="Regression" finished-at="2026-03-22T15:49:46 IST" duration-ms="22042">
      <class name="com.pom.testcase.AddUserTest">
        <test-method signature="verify_AddUser()[pri:0, instance:com.pom.testcase.AddUserTest@72cc7e6f]" started-at="2026-03-22T15:49:37 IST" name="verify_AddUser" finished-at="2026-03-22T15:49:46 IST" duration-ms="9237" status="PASS">
          <reporter-output>
          </reporter-output>
        </test-method> <!-- verify_AddUser -->
      </class> <!-- com.pom.testcase.AddUserTest -->
      <class name="com.pom.testcase.LoginTest">
        <test-method is-config="true" signature="setUp()[pri:0, instance:com.pom.testcase.LoginTest@28261e8e]" started-at="2026-03-22T15:49:12 IST" name="setUp" finished-at="2026-03-22T15:49:24 IST" duration-ms="11614" status="PASS">
          <reporter-output>
          </reporter-output>
        </test-method> <!-- setUp -->
        <test-method signature="verify_Login()[pri:1, instance:com.pom.testcase.LoginTest@28261e8e]" started-at="2026-03-22T15:49:24 IST" name="verify_Login" finished-at="2026-03-22T15:49:28 IST" duration-ms="4248" status="PASS">
          <reporter-output>
          </reporter-output>
        </test-method> <!-- verify_Login -->
        <test-method is-config="true" signature="tearDown()[pri:0, instance:com.pom.testcase.LoginTest@28261e8e]" started-at="2026-03-22T15:49:46 IST" name="tearDown" finished-at="2026-03-22T15:49:47 IST" duration-ms="291" status="PASS">
          <reporter-output>
          </reporter-output>
        </test-method> <!-- tearDown -->
      </class> <!-- com.pom.testcase.LoginTest -->
      <class name="com.pom.testcase.UserTest">
        <test-method signature="verify_printTable()[pri:1, instance:com.pom.testcase.UserTest@5f049ea1]" started-at="2026-03-22T15:49:32 IST" name="verify_printTable" finished-at="2026-03-22T15:49:35 IST" duration-ms="3236" status="PASS">
          <reporter-output>
          </reporter-output>
        </test-method> <!-- verify_printTable -->
        <test-method signature="verify_gender()[pri:2, instance:com.pom.testcase.UserTest@5f049ea1]" started-at="2026-03-22T15:49:35 IST" name="verify_gender" finished-at="2026-03-22T15:49:35 IST" duration-ms="441" status="FAIL">
          <exception class="java.lang.AssertionError">
            <message>
              <![CDATA[expected [true] but found [false]]]>
            </message>
            <full-stacktrace>
              <![CDATA[java.lang.AssertionError: expected [true] but found [false]
at org.testng.Assert.fail(Assert.java:111)
at org.testng.Assert.failNotEquals(Assert.java:1590)
at org.testng.Assert.assertTrue(Assert.java:57)
at org.testng.Assert.assertTrue(Assert.java:67)
at com.pom.testcase.UserTest.verify_gender(UserTest.java:20)
at java.base/jdk.internal.reflect.NativeMethodAccessorImpl.invoke0(Native Method)
at java.base/jdk.internal.reflect.NativeMethodAccessorImpl.invoke(NativeMethodAccessorImpl.java:77)
at java.base/jdk.internal.reflect.DelegatingMethodAccessorImpl.invoke(DelegatingMethodAccessorImpl.java:43)
at java.base/java.lang.reflect.Method.invoke(Method.java:569)
at org.testng.internal.invokers.MethodInvocationHelper.invokeMethod(MethodInvocationHelper.java:141)
at org.testng.internal.invokers.TestInvoker.invokeMethod(TestInvoker.java:687)
at org.testng.internal.invokers.TestInvoker.invokeTestMethod(TestInvoker.java:230)
at org.testng.internal.invokers.MethodRunner.runInSequence(MethodRunner.java:63)
at org.testng.internal.invokers.TestInvoker$MethodInvocationAgent.invoke(TestInvoker.java:995)
at org.testng.internal.invokers.TestInvoker.invokeTestMethods(TestInvoker.java:203)
at org.testng.internal.invokers.TestMethodWorker.invokeTestMethods(TestMethodWorker.java:154)
at org.testng.internal.invokers.TestMethodWorker.run(TestMethodWorker.java:134)
at java.base/java.util.ArrayList.forEach(ArrayList.java:1511)
at org.testng.TestRunner.privateRun(TestRunner.java:741)
at org.testng.TestRunner.run(TestRunner.java:616)
at org.testng.SuiteRunner.runTest(SuiteRunner.java:421)
at org.testng.SuiteRunner.runSequentially(SuiteRunner.java:413)
at org.testng.SuiteRunner.privateRun(SuiteRunner.java:373)
at org.testng.SuiteRunner.run(SuiteRunner.java:312)
at org.testng.SuiteRunnerWorker.runSuite(SuiteRunnerWorker.java:52)
at org.testng.SuiteRunnerWorker.run(SuiteRunnerWorker.java:95)
at org.testng.TestNG.runSuitesSequentially(TestNG.java:1274)
at org.testng.TestNG.runSuitesLocally(TestNG.java:1208)
at org.testng.TestNG.runSuites(TestNG.java:1112)
at org.testng.TestNG.run(TestNG.java:1079)
at org.testng.remote.AbstractRemoteTestNG.run(AbstractRemoteTestNG.java:115)
at org.testng.remote.RemoteTestNG.initAndRun(RemoteTestNG.java:293)
at org.testng.remote.RemoteTestNG.main(RemoteTestNG.java:91)
]]>
            </full-stacktrace>
          </exception> <!-- java.lang.AssertionError -->
          <reporter-output>
          </reporter-output>
        </test-method> <!-- verify_gender -->
        <test-method signature="verify_verifyUnameAndGenderwithExcel()[pri:3, instance:com.pom.testcase.UserTest@5f049ea1]" started-at="2026-03-22T15:49:35 IST" name="verify_verifyUnameAndGenderwithExcel" finished-at="2026-03-22T15:49:36 IST" duration-ms="813" status="PASS">
          <reporter-output>
          </reporter-output>
        </test-method> <!-- verify_verifyUnameAndGenderwithExcel -->
        <test-method signature="verify_emailCode()[pri:4, instance:com.pom.testcase.UserTest@5f049ea1]" started-at="2026-03-22T15:49:36 IST" name="verify_emailCode" finished-at="2026-03-22T15:49:36 IST" duration-ms="90" status="FAIL">
          <exception class="java.lang.AssertionError">
            <message>
              <![CDATA[expected [true] but found [false]]]>
            </message>
            <full-stacktrace>
              <![CDATA[java.lang.AssertionError: expected [true] but found [false]
at org.testng.Assert.fail(Assert.java:111)
at org.testng.Assert.failNotEquals(Assert.java:1590)
at org.testng.Assert.assertTrue(Assert.java:57)
at org.testng.Assert.assertTrue(Assert.java:67)
at com.pom.testcase.UserTest.verify_emailCode(UserTest.java:30)
at java.base/jdk.internal.reflect.NativeMethodAccessorImpl.invoke0(Native Method)
at java.base/jdk.internal.reflect.NativeMethodAccessorImpl.invoke(NativeMethodAccessorImpl.java:77)
at java.base/jdk.internal.reflect.DelegatingMethodAccessorImpl.invoke(DelegatingMethodAccessorImpl.java:43)
at java.base/java.lang.reflect.Method.invoke(Method.java:569)
at org.testng.internal.invokers.MethodInvocationHelper.invokeMethod(MethodInvocationHelper.java:141)
at org.testng.internal.invokers.TestInvoker.invokeMethod(TestInvoker.java:687)
at org.testng.internal.invokers.TestInvoker.invokeTestMethod(TestInvoker.java:230)
at org.testng.internal.invokers.MethodRunner.runInSequence(MethodRunner.java:63)
at org.testng.internal.invokers.TestInvoker$MethodInvocationAgent.invoke(TestInvoker.java:995)
at org.testng.internal.invokers.TestInvoker.invokeTestMethods(TestInvoker.java:203)
at org.testng.internal.invokers.TestMethodWorker.invokeTestMethods(TestMethodWorker.java:154)
at org.testng.internal.invokers.TestMethodWorker.run(TestMethodWorker.java:134)
at java.base/java.util.ArrayList.forEach(ArrayList.java:1511)
at org.testng.TestRunner.privateRun(TestRunner.java:741)
at org.testng.TestRunner.run(TestRunner.java:616)
at org.testng.SuiteRunner.runTest(SuiteRunner.java:421)
at org.testng.SuiteRunner.runSequentially(SuiteRunner.java:413)
at org.testng.SuiteRunner.privateRun(SuiteRunner.java:373)
at org.testng.SuiteRunner.run(SuiteRunner.java:312)
at org.testng.SuiteRunnerWorker.runSuite(SuiteRunnerWorker.java:52)
at org.testng.SuiteRunnerWorker.run(SuiteRunnerWorker.java:95)
at org.testng.TestNG.runSuitesSequentially(TestNG.java:1274)
at org.testng.TestNG.runSuitesLocally(TestNG.java:1208)
at org.testng.TestNG.runSuites(TestNG.java:1112)
at org.testng.TestNG.run(TestNG.java:1079)
at org.testng.remote.AbstractRemoteTestNG.run(AbstractRemoteTestNG.java:115)
at org.testng.remote.RemoteTestNG.initAndRun(RemoteTestNG.java:293)
at org.testng.remote.RemoteTestNG.main(RemoteTestNG.java:91)
]]>
            </full-stacktrace>
          </exception> <!-- java.lang.AssertionError -->
          <reporter-output>
          </reporter-output>
        </test-method> <!-- verify_emailCode -->
        <test-method signature="verify_clickAddUser()[pri:5, instance:com.pom.testcase.UserTest@5f049ea1]" started-at="2026-03-22T15:49:36 IST" name="verify_clickAddUser" finished-at="2026-03-22T15:49:37 IST" duration-ms="490" status="PASS">
          <reporter-output>
          </reporter-output>
        </test-method> <!-- verify_clickAddUser -->
      </class> <!-- com.pom.testcase.UserTest -->
      <class name="com.pom.testcase.DashboardTest">
        <test-method signature="verify_CourseList()[pri:1, instance:com.pom.testcase.DashboardTest@3f191845]" started-at="2026-03-22T15:49:28 IST" name="verify_CourseList" finished-at="2026-03-22T15:49:31 IST" duration-ms="2497" status="PASS">
          <reporter-output>
          </reporter-output>
        </test-method> <!-- verify_CourseList -->
        <test-method signature="verify_ClickUserBTN()[pri:2, instance:com.pom.testcase.DashboardTest@3f191845]" started-at="2026-03-22T15:49:31 IST" name="verify_ClickUserBTN" finished-at="2026-03-22T15:49:31 IST" duration-ms="472" status="PASS">
          <reporter-output>
          </reporter-output>
        </test-method> <!-- verify_ClickUserBTN -->
        <test-method signature="verify_MainNavigation()[pri:3, instance:com.pom.testcase.DashboardTest@3f191845]" started-at="2026-03-22T15:49:31 IST" name="verify_MainNavigation" finished-at="2026-03-22T15:49:32 IST" duration-ms="247" status="PASS">
          <reporter-output>
          </reporter-output>
        </test-method> <!-- verify_MainNavigation -->
      </class> <!-- com.pom.testcase.DashboardTest -->
    </test> <!-- Regression -->
  </suite> <!-- TKA Application -->
</testng-results>
