<?xml version="1.0" encoding="UTF-8"?>
<!-- Generated by org.testng.reporters.JUnitReportReporter -->
<testsuite hostname="DESKTOP-IJVEGUQ" failures="0" tests="5" name="com.pom.testcase.UserTest" time="5.426" errors="0" timestamp="2026-03-22T16:35:51 IST" skipped="0">
  <testcase classname="com.pom.testcase.UserTest" name="verify_printTable" time="3.423"/>
  <testcase classname="com.pom.testcase.UserTest" name="verify_gender" time="0.462"/>
  <testcase classname="com.pom.testcase.UserTest" name="verify_verifyUnameAndGenderwithExcel" time="0.651"/>
  <testcase classname="com.pom.testcase.UserTest" name="verify_emailCode" time="0.085"/>
  <testcase classname="com.pom.testcase.UserTest" name="verify_clickAddUser" time="0.805"/>
</testsuite> <!-- com.pom.testcase.UserTest -->
