<?xml version="1.0" encoding="UTF-8"?>
<!-- Generated by org.testng.reporters.JUnitReportReporter -->
<testsuite hostname="DESKTOP-IJVEGUQ" failures="0" tests="3" name="com.pom.testcase.LoginTest" time="1.037" errors="0" timestamp="2026-03-15T17:31:08 IST" skipped="2">
  <testcase classname="com.pom.testcase.LoginTest" name="verify_Login" time="1.037"/>
  <testcase classname="com.pom.testcase.LoginTest" name="verify_printTable">
    <skipped/>
  </testcase> <!-- verify_printTable -->
  <testcase classname="com.pom.testcase.LoginTest" name="verify_ClickUserBTN">
    <skipped/>
  </testcase> <!-- verify_ClickUserBTN -->
</testsuite> <!-- com.pom.testcase.LoginTest -->
