<?xml version="1.0" encoding="UTF-8"?>
<!-- Generated by org.testng.reporters.JUnitReportReporter -->
<testsuite hostname="DESKTOP-IJVEGUQ" failures="0" tests="3" name="com.pom.testcase.DashboardTest" time="3.315" errors="0" timestamp="2026-03-22T16:35:51 IST" skipped="0">
  <testcase classname="com.pom.testcase.DashboardTest" name="verify_CourseList" time="2.583"/>
  <testcase classname="com.pom.testcase.DashboardTest" name="verify_ClickUserBTN" time="0.492"/>
  <testcase classname="com.pom.testcase.DashboardTest" name="verify_MainNavigation" time="0.240"/>
</testsuite> <!-- com.pom.testcase.DashboardTest -->
