<?xml version="1.0" encoding="UTF-8"?>
<!-- Generated by org.testng.reporters.JUnitReportReporter -->
<testsuite hostname="DESKTOP-IJVEGUQ" failures="0" tests="3" name="com.pom.testcase.LoginTest" time="4.248" errors="0" timestamp="2026-03-22T15:49:47 IST" skipped="2">
  <testcase classname="com.pom.testcase.LoginTest" name="verify_Login" time="4.248"/>
  <testcase classname="com.pom.testcase.LoginTest" name="verify_ClickUserBTN">
    <skipped/>
  </testcase> <!-- verify_ClickUserBTN -->
  <testcase classname="com.pom.testcase.LoginTest" name="verify_printTable">
    <skipped/>
  </testcase> <!-- verify_printTable -->
</testsuite> <!-- com.pom.testcase.LoginTest -->
