<?xml version="1.0" encoding="UTF-8"?>
<!-- Generated by org.testng.reporters.JUnitReportReporter -->
<testsuite hostname="DESKTOP-IJVEGUQ" failures="0" tests="2" name="com.pom.testcase.DashboardTest" time="3.102" errors="0" timestamp="2026-03-22T15:19:44 IST" skipped="0">
  <testcase classname="com.pom.testcase.DashboardTest" name="verify_CourseList" time="2.609"/>
  <testcase classname="com.pom.testcase.DashboardTest" name="verify_ClickUserBTN" time="0.493"/>
</testsuite> <!-- com.pom.testcase.DashboardTest -->
